TN:
SF:src\modules\cars\usesCases\createCar\CreateCarController.ts
FN:7,handle
FNF:1
FNH:0
FNDA:0,handle
DA:1,1
DA:2,1
DA:3,1
DA:4,1
DA:5,1
DA:6,1
DA:7,1
DA:8,0
DA:9,0
DA:10,0
DA:11,0
DA:12,0
DA:13,0
DA:14,0
DA:15,0
DA:16,0
DA:17,0
DA:18,0
DA:19,0
DA:20,0
DA:21,0
DA:22,0
DA:23,0
DA:24,0
DA:25,0
DA:26,0
DA:27,0
DA:28,0
DA:29,0
DA:30,0
DA:31,1
LF:31
LH:8
BRF:0
BRH:0
end_of_record
TN:
SF:src\modules\cars\usesCases\createCar\CreateCarUseCase.ts
FN:18,CreateCarUseCase
FN:22,execute
FNF:2
FNH:2
FNDA:3,CreateCarUseCase
FNDA:4,execute
DA:1,1
DA:2,1
DA:3,1
DA:4,1
DA:5,1
DA:6,1
DA:7,1
DA:8,1
DA:9,1
DA:10,1
DA:11,1
DA:12,1
DA:13,1
DA:14,1
DA:15,1
DA:16,1
DA:17,1
DA:18,1
DA:19,3
DA:20,3
DA:21,3
DA:22,1
DA:23,4
DA:24,4
DA:25,4
DA:26,4
DA:27,4
DA:28,4
DA:29,4
DA:30,4
DA:31,4
DA:32,4
DA:33,4
DA:34,4
DA:35,4
DA:36,1
DA:37,1
DA:38,3
DA:39,3
DA:40,3
DA:41,3
DA:42,3
DA:43,3
DA:44,3
DA:45,3
DA:46,3
DA:47,3
DA:48,3
DA:49,3
DA:50,3
DA:51,1
DA:52,1
DA:53,1
LF:53
LH:53
BRDA:18,0,0,3
BRDA:22,1,0,4
BRDA:35,2,0,1
BRDA:38,3,0,3
BRF:4
BRH:4
end_of_record
TN:
SF:src\modules\cars\usesCases\createCarSpecification\CreateCarSpecificationController.ts
FN:7,handle
FNF:1
FNH:0
FNDA:0,handle
DA:1,1
DA:2,1
DA:3,1
DA:4,1
DA:5,1
DA:6,1
DA:7,1
DA:8,0
DA:9,0
DA:10,0
DA:11,0
DA:12,0
DA:13,0
DA:14,0
DA:15,0
DA:16,0
DA:17,0
DA:18,0
DA:19,0
DA:20,1
DA:21,1
DA:22,1
LF:22
LH:10
BRF:0
BRH:0
end_of_record
TN:
SF:src\modules\cars\usesCases\createCarSpecification\CreateCarSpecificationUseCase.ts
FN:15,CreateCarSpecificationUseCase
FN:21,execute
FNF:2
FNH:2
FNDA:2,CreateCarSpecificationUseCase
FNDA:2,execute
DA:1,1
DA:2,1
DA:3,1
DA:4,1
DA:5,1
DA:6,1
DA:7,1
DA:8,1
DA:9,1
DA:10,1
DA:11,1
DA:12,1
DA:13,1
DA:14,1
DA:15,1
DA:16,2
DA:17,2
DA:18,2
DA:19,2
DA:20,2
DA:21,1
DA:22,2
DA:23,2
DA:24,2
DA:25,1
DA:26,1
DA:27,1
DA:28,1
DA:29,1
DA:30,1
DA:31,1
DA:32,1
DA:33,1
DA:34,1
DA:35,1
DA:36,1
DA:37,1
DA:38,1
DA:39,1
DA:40,1
LF:40
LH:40
BRDA:15,0,0,2
BRDA:21,1,0,2
BRDA:24,2,0,1
BRF:3
BRH:3
end_of_record
TN:
SF:src\modules\cars\usesCases\createCategory\CreateCategoryController.ts
FN:7,handle
FNF:1
FNH:1
FNDA:4,handle
DA:1,1
DA:2,1
DA:3,1
DA:4,1
DA:5,1
DA:6,1
DA:7,1
DA:8,4
DA:9,4
DA:10,4
DA:11,2
DA:12,2
DA:13,2
DA:14,1
DA:15,1
DA:16,1
LF:16
LH:16
BRDA:7,0,0,4
BRDA:11,1,0,2
BRF:2
BRH:2
end_of_record
TN:
SF:src\modules\cars\usesCases\createCategory\CreateCategoryUseCase.ts
FN:13,CreateCategoryUseCase
FN:18,execute
FNF:2
FNH:2
FNDA:6,CreateCategoryUseCase
FNDA:7,execute
DA:1,1
DA:2,1
DA:3,1
DA:4,1
DA:5,1
DA:6,1
DA:7,1
DA:8,1
DA:9,1
DA:10,1
DA:11,1
DA:12,1
DA:13,1
DA:14,6
DA:15,6
DA:16,6
DA:17,1
DA:18,1
DA:19,7
DA:20,7
DA:21,7
DA:22,7
DA:23,3
DA:24,3
DA:25,4
DA:26,4
DA:27,4
DA:28,1
DA:29,1
DA:30,1
LF:30
LH:30
BRDA:13,0,0,6
BRDA:18,1,0,7
BRDA:22,2,0,3
BRDA:25,3,0,4
BRF:4
BRH:4
end_of_record
TN:
SF:src\modules\cars\usesCases\createSpecification\CreateSpecificationController.ts
FN:7,handle
FNF:1
FNH:0
FNDA:0,handle
DA:1,1
DA:2,1
DA:3,1
DA:4,1
DA:5,1
DA:6,1
DA:7,1
DA:8,0
DA:9,0
DA:10,0
DA:11,0
DA:12,0
DA:13,0
DA:14,0
DA:15,1
DA:16,1
DA:17,1
LF:17
LH:10
BRF:0
BRH:0
end_of_record
TN:
SF:src\modules\cars\usesCases\createSpecification\CreateSpecificationUseCase.ts
FN:12,CreateSpecificationUseCase
FN:16,execute
FNF:2
FNH:0
FNDA:0,CreateSpecificationUseCase
FNDA:0,execute
DA:1,1
DA:2,1
DA:3,1
DA:4,1
DA:5,1
DA:6,1
DA:7,1
DA:8,1
DA:9,1
DA:10,1
DA:11,1
DA:12,1
DA:13,0
DA:14,0
DA:15,0
DA:16,1
DA:17,0
DA:18,0
DA:19,1
DA:20,1
DA:21,1
LF:21
LH:16
BRF:0
BRH:0
end_of_record
TN:
SF:src\modules\cars\usesCases\importCategory\ImportCategoryController.ts
FN:7,handle
FNF:1
FNH:0
FNDA:0,handle
DA:1,1
DA:2,1
DA:3,1
DA:4,1
DA:5,1
DA:6,1
DA:7,1
DA:8,0
DA:9,0
DA:10,0
DA:11,0
DA:12,0
DA:13,0
DA:14,0
DA:15,1
DA:16,1
DA:17,1
LF:17
LH:10
BRF:0
BRH:0
end_of_record
TN:
SF:src\modules\cars\usesCases\importCategory\ImportCategoryUseCases.ts
FN:14,ImportCategoryUseCases
FN:19,loadCategories
FN:39,execute
FNF:3
FNH:0
FNDA:0,ImportCategoryUseCases
FNDA:0,loadCategories
FNDA:0,execute
DA:1,1
DA:2,1
DA:3,1
DA:4,1
DA:5,1
DA:6,1
DA:7,1
DA:8,1
DA:9,1
DA:10,1
DA:11,1
DA:12,1
DA:13,1
DA:14,1
DA:15,0
DA:16,0
DA:17,0
DA:18,1
DA:19,1
DA:20,0
DA:21,0
DA:22,0
DA:23,0
DA:24,0
DA:25,0
DA:26,0
DA:27,0
DA:28,0
DA:29,0
DA:30,0
DA:31,0
DA:32,0
DA:33,0
DA:34,0
DA:35,0
DA:36,0
DA:37,0
DA:38,1
DA:39,1
DA:40,0
DA:41,0
DA:42,0
DA:43,0
DA:44,0
DA:45,0
DA:46,0
DA:47,0
DA:48,0
DA:49,0
DA:50,0
DA:51,0
DA:52,0
DA:53,1
DA:54,1
DA:55,1
LF:55
LH:21
BRF:0
BRH:0
end_of_record
TN:
SF:src\modules\cars\usesCases\listAvailableCars\ListAvailableCarsController.ts
FN:7,handle
FNF:1
FNH:0
FNDA:0,handle
DA:1,1
DA:2,1
DA:3,1
DA:4,1
DA:5,1
DA:6,1
DA:7,1
DA:8,0
DA:9,0
DA:10,0
DA:11,0
DA:12,0
DA:13,0
DA:14,0
DA:15,0
DA:16,0
DA:17,0
DA:18,0
DA:19,0
DA:20,0
DA:21,1
DA:22,1
DA:23,1
LF:23
LH:10
BRF:0
BRH:0
end_of_record
TN:
SF:src\modules\cars\usesCases\listAvailableCars\ListAvailableCarsUseCase.ts
FN:14,ListAvailableCarsUseCase
FN:18,execute
FNF:2
FNH:2
FNDA:4,ListAvailableCarsUseCase
FNDA:4,execute
DA:1,1
DA:2,1
DA:3,1
DA:4,1
DA:5,1
DA:6,1
DA:7,1
DA:8,1
DA:9,1
DA:10,1
DA:11,1
DA:12,1
DA:13,1
DA:14,1
DA:15,4
DA:16,4
DA:17,4
DA:18,1
DA:19,4
DA:20,4
DA:21,4
DA:22,4
DA:23,4
DA:24,4
DA:25,4
DA:26,4
DA:27,1
DA:28,1
DA:29,1
LF:29
LH:29
BRDA:14,0,0,4
BRDA:18,1,0,4
BRF:2
BRH:2
end_of_record
TN:
SF:src\modules\cars\usesCases\listCategories\ListCategoriesController.ts
FN:7,handle
FNF:1
FNH:1
FNDA:1,handle
DA:1,1
DA:2,1
DA:3,1
DA:4,1
DA:5,1
DA:6,1
DA:7,1
DA:8,1
DA:9,1
DA:10,1
DA:11,1
DA:12,1
DA:13,1
DA:14,1
LF:14
LH:14
BRDA:7,0,0,1
BRF:1
BRH:1
end_of_record
TN:
SF:src\modules\cars\usesCases\listCategories\ListCategoriesUseCase.ts
FN:8,ListCategoriesUseCase
FN:12,execute
FNF:2
FNH:2
FNDA:1,ListCategoriesUseCase
FNDA:1,execute
DA:1,1
DA:2,1
DA:3,1
DA:4,1
DA:5,1
DA:6,1
DA:7,1
DA:8,1
DA:9,1
DA:10,1
DA:11,1
DA:12,1
DA:13,1
DA:14,1
DA:15,1
DA:16,1
DA:17,1
DA:18,1
DA:19,1
LF:19
LH:19
BRDA:8,0,0,1
BRDA:12,1,0,1
BRF:2
BRH:2
end_of_record
TN:
SF:src\modules\cars\usesCases\uploadCarImages\UploadCarImagesController.ts
FN:11,handle
FNF:1
FNH:0
FNDA:0,handle
DA:1,1
DA:2,1
DA:3,1
DA:4,1
DA:5,1
DA:6,1
DA:7,1
DA:8,1
DA:9,1
DA:10,1
DA:11,1
DA:12,0
DA:13,0
DA:14,0
DA:15,0
DA:16,0
DA:17,0
DA:18,0
DA:19,0
DA:20,0
DA:21,0
DA:22,0
DA:23,0
DA:24,0
DA:25,0
DA:26,0
DA:27,1
LF:27
LH:12
BRF:0
BRH:0
end_of_record
TN:
SF:src\modules\cars\usesCases\uploadCarImages\UploadCarImagesUseCase.ts
FN:12,UploadCarImagesUseCase
FN:16,execute
FNF:2
FNH:0
FNDA:0,UploadCarImagesUseCase
FNDA:0,execute
DA:1,1
DA:2,1
DA:3,1
DA:4,1
DA:5,1
DA:6,1
DA:7,1
DA:8,1
DA:9,1
DA:10,1
DA:11,1
DA:12,1
DA:13,0
DA:14,0
DA:15,0
DA:16,1
DA:17,0
DA:18,0
DA:19,0
DA:20,0
DA:21,1
DA:22,1
DA:23,1
LF:23
LH:16
BRF:0
BRH:0
end_of_record
TN:
SF:src\modules\rentals\usesCases\createRental\CreateRentalController.ts
FN:7,handle
FNF:1
FNH:0
FNDA:0,handle
DA:1,1
DA:2,1
DA:3,1
DA:4,1
DA:5,1
DA:6,1
DA:7,1
DA:8,0
DA:9,0
DA:10,0
DA:11,0
DA:12,0
DA:13,0
DA:14,0
DA:15,0
DA:16,0
DA:17,0
DA:18,0
DA:19,0
DA:20,1
DA:21,1
DA:22,1
LF:22
LH:10
BRF:0
BRH:0
end_of_record
TN:
SF:src\modules\rentals\usesCases\createRental\CreateRentalUseCase.ts
FN:17,CreateRentalUseCase
FN:25,execute
FNF:2
FNH:2
FNDA:4,CreateRentalUseCase
FNDA:6,execute
DA:1,1
DA:2,1
DA:3,1
DA:4,1
DA:5,1
DA:6,1
DA:7,1
DA:8,1
DA:9,1
DA:10,1
DA:11,1
DA:12,1
DA:13,1
DA:14,1
DA:15,1
DA:16,1
DA:17,1
DA:18,4
DA:19,4
DA:20,4
DA:21,4
DA:22,4
DA:23,4
DA:24,4
DA:25,1
DA:26,6
DA:27,6
DA:28,6
DA:29,6
DA:30,6
DA:31,6
DA:32,6
DA:33,6
DA:34,6
DA:35,1
DA:36,1
DA:37,5
DA:38,5
DA:39,5
DA:40,5
DA:41,5
DA:42,6
DA:43,1
DA:44,1
DA:45,4
DA:46,4
DA:47,4
DA:48,4
DA:49,4
DA:50,4
DA:51,4
DA:52,6
DA:53,1
DA:54,1
DA:55,3
DA:56,3
DA:57,3
DA:58,3
DA:59,3
DA:60,3
DA:61,3
DA:62,3
DA:63,3
DA:64,3
DA:65,3
DA:66,1
DA:67,1
DA:68,1
LF:68
LH:68
BRDA:17,0,0,4
BRDA:25,1,0,6
BRDA:34,2,0,1
BRDA:37,3,0,5
BRDA:42,4,0,1
BRDA:45,5,0,4
BRDA:52,6,0,1
BRDA:55,7,0,3
BRF:8
BRH:8
end_of_record
TN:
SF:src\modules\rentals\usesCases\devolutionRental\DevolutionRentalController.ts
FN:7,handle
FNF:1
FNH:0
FNDA:0,handle
DA:1,1
DA:2,1
DA:3,1
DA:4,1
DA:5,1
DA:6,1
DA:7,1
DA:8,0
DA:9,0
DA:10,0
DA:11,0
DA:12,0
DA:13,0
DA:14,0
DA:15,0
DA:16,0
DA:17,0
DA:18,1
DA:19,1
DA:20,1
LF:20
LH:10
BRF:0
BRH:0
end_of_record
TN:
SF:src\modules\rentals\usesCases\devolutionRental\DevolutionRentalUseCase.ts
FN:16,DevolutionRentalUseCase
FN:24,execute
FNF:2
FNH:0
FNDA:0,DevolutionRentalUseCase
FNDA:0,execute
DA:1,1
DA:2,1
DA:3,1
DA:4,1
DA:5,1
DA:6,1
DA:7,1
DA:8,1
DA:9,1
DA:10,1
DA:11,1
DA:12,1
DA:13,1
DA:14,1
DA:15,1
DA:16,1
DA:17,0
DA:18,0
DA:19,0
DA:20,0
DA:21,0
DA:22,0
DA:23,0
DA:24,1
DA:25,0
DA:26,0
DA:27,0
DA:28,0
DA:29,0
DA:30,0
DA:31,0
DA:32,0
DA:33,0
DA:34,0
DA:35,0
DA:36,0
DA:37,0
DA:38,0
DA:39,0
DA:40,0
DA:41,0
DA:42,0
DA:43,0
DA:44,0
DA:45,0
DA:46,0
DA:47,0
DA:48,0
DA:49,0
DA:50,0
DA:51,0
DA:52,0
DA:53,0
DA:54,0
DA:55,0
DA:56,0
DA:57,0
DA:58,0
DA:59,0
DA:60,0
DA:61,0
DA:62,0
DA:63,0
DA:64,0
DA:65,0
DA:66,1
DA:67,1
DA:68,1
LF:68
LH:20
BRF:0
BRH:0
end_of_record
TN:
SF:src\modules\rentals\usesCases\listRentalsByUser\ListRentalsByUserController.ts
FN:7,handle
FNF:1
FNH:0
FNDA:0,handle
DA:1,1
DA:2,1
DA:3,1
DA:4,1
DA:5,1
DA:6,1
DA:7,1
DA:8,0
DA:9,0
DA:10,0
DA:11,0
DA:12,0
DA:13,0
DA:14,0
DA:15,0
DA:16,1
DA:17,1
DA:18,1
LF:18
LH:10
BRF:0
BRH:0
end_of_record
TN:
SF:src\modules\rentals\usesCases\listRentalsByUser\ListRentalsByUserUseCase.ts
FN:8,ListRentalsByUserUseCase
FN:12,execute
FNF:2
FNH:0
FNDA:0,ListRentalsByUserUseCase
FNDA:0,execute
DA:1,1
DA:2,1
DA:3,1
DA:4,1
DA:5,1
DA:6,1
DA:7,1
DA:8,1
DA:9,0
DA:10,0
DA:11,0
DA:12,1
DA:13,0
DA:14,0
DA:15,0
DA:16,0
DA:17,0
DA:18,1
DA:19,1
DA:20,1
LF:20
LH:12
BRF:0
BRH:0
end_of_record
